# JRE version: Java(TM) SE Runtime Environment (8.0_131-b11) (build 1.8.0_131-b11)
# Java VM: Java HotSpot(TM) 64-Bit Server VM (25.131-b11 mixed mode windows-amd64 compressed oops)
Heap:
 PSYoungGen      total 37888K, used 37179K [0x00000000d6300000, 0x00000000d8d00000, 0x0000000100000000)
  eden space 32768K, 99% used [0x00000000d6300000,0x00000000d82d41c0,0x00000000d8300000)
  from space 5120K, 89% used [0x00000000d8300000,0x00000000d877ab40,0x00000000d8800000)
  to   space 5120K, 0% used [0x00000000d8800000,0x00000000d8800000,0x00000000d8d00000)
 ParOldGen       total 86016K, used 3090K [0x0000000082800000, 0x0000000087c00000, 0x00000000d6300000)
  object space 86016K, 3% used [0x0000000082800000,0x0000000082b049f8,0x0000000087c00000)
 Metaspace       used 15484K, capacity 15692K, committed 16000K, reserved 1062912K
  class space    used 1750K, capacity 1839K, committed 1920K, reserved 1048576K
GC Heap History (6 events):
Event: 10.982 GC heap before
{Heap before GC invocations=1 (full 0):
 PSYoungGen      total 37888K, used 32768K [0x00000000d6300000, 0x00000000d8d00000, 0x0000000100000000)
  eden space 32768K, 100% used [0x00000000d6300000,0x00000000d8300000,0x00000000d8300000)
  from space 5120K, 0% used [0x00000000d8800000,0x00000000d8800000,0x00000000d8d00000)
  to   space 5120K, 0% used [0x00000000d8300000,0x00000000d8300000,0x00000000d8800000)
 ParOldGen       total 86016K, used 0K [0x0000000082800000, 0x0000000087c00000, 0x00000000d6300000)
  object space 86016K, 0% used [0x0000000082800000,0x0000000082800000,0x0000000087c00000)
 Metaspace       used 15198K, capacity 15372K, committed 15744K, reserved 1062912K
  class space    used 1750K, capacity 1839K, committed 1920K, reserved 1048576K
Event: 10.990 GC heap after
Heap after GC invocations=1 (full 0):
 PSYoungGen      total 37888K, used 5110K [0x00000000d6300000, 0x00000000d8d00000, 0x0000000100000000)
  eden space 32768K, 0% used [0x00000000d6300000,0x00000000d6300000,0x00000000d8300000)
  from space 5120K, 99% used [0x00000000d8300000,0x00000000d87fd8b0,0x00000000d8800000)
  to   space 5120K, 0% used [0x00000000d8800000,0x00000000d8800000,0x00000000d8d00000)
 ParOldGen       total 86016K, used 3074K [0x0000000082800000, 0x0000000087c00000, 0x00000000d6300000)
  object space 86016K, 3% used [0x0000000082800000,0x0000000082b009f8,0x0000000087c00000)
 Metaspace       used 15198K, capacity 15372K, committed 15744K, reserved 1062912K
  class space    used 1750K, capacity 1839K, committed 1920K, reserved 1048576K
}
Event: 16.821 GC heap before
{Heap before GC invocations=2 (full 0):
 PSYoungGen      total 37888K, used 37878K [0x00000000d6300000, 0x00000000d8d00000, 0x0000000100000000)
  eden space 32768K, 100% used [0x00000000d6300000,0x00000000d8300000,0x00000000d8300000)
  from space 5120K, 99% used [0x00000000d8300000,0x00000000d87fd8b0,0x00000000d8800000)
  to   space 5120K, 0% used [0x00000000d8800000,0x00000000d8800000,0x00000000d8d00000)
 ParOldGen       total 86016K, used 3074K [0x0000000082800000, 0x0000000087c00000, 0x00000000d6300000)
  object space 86016K, 3% used [0x0000000082800000,0x0000000082b009f8,0x0000000087c00000)
 Metaspace       used 15249K, capacity 15436K, committed 15744K, reserved 1062912K
  class space    used 1750K, capacity 1839K, committed 1920K, reserved 1048576K
Event: 16.824 GC heap after
Heap after GC invocations=2 (full 0):
 PSYoungGen      total 37888K, used 4362K [0x00000000d6300000, 0x00000000d8d00000, 0x0000000100000000)
  eden space 32768K, 0% used [0x00000000d6300000,0x00000000d6300000,0x00000000d8300000)
  from space 5120K, 85% used [0x00000000d8800000,0x00000000d8c42b40,0x00000000d8d00000)
  to   space 5120K, 0% used [0x00000000d8300000,0x00000000d8300000,0x00000000d8800000)
 ParOldGen       total 86016K, used 3082K [0x0000000082800000, 0x0000000087c00000, 0x00000000d6300000)
  object space 86016K, 3% used [0x0000000082800000,0x0000000082b029f8,0x0000000087c00000)
 Metaspace       used 15249K, capacity 15436K, committed 15744K, reserved 1062912K
  class space    used 1750K, capacity 1839K, committed 1920K, reserved 1048576K
}
Event: 22.819 GC heap before
{Heap before GC invocations=3 (full 0):
 PSYoungGen      total 37888K, used 37130K [0x00000000d6300000, 0x00000000d8d00000, 0x0000000100000000)
  eden space 32768K, 100% used [0x00000000d6300000,0x00000000d8300000,0x00000000d8300000)
  from space 5120K, 85% used [0x00000000d8800000,0x00000000d8c42b40,0x00000000d8d00000)
  to   space 5120K, 0% used [0x00000000d8300000,0x00000000d8300000,0x00000000d8800000)
 ParOldGen       total 86016K, used 3082K [0x0000000082800000, 0x0000000087c00000, 0x00000000d6300000)
  object space 86016K, 3% used [0x0000000082800000,0x0000000082b029f8,0x0000000087c00000)
 Metaspace       used 15298K, capacity 15500K, committed 15744K, reserved 1062912K
  class space    used 1750K, capacity 1839K, committed 1920K, reserved 1048576K
Event: 22.822 GC heap after
Heap after GC invocations=3 (full 0):
 PSYoungGen      total 37888K, used 4586K [0x00000000d6300000, 0x00000000d8d00000, 0x0000000100000000)
  eden space 32768K, 0% used [0x00000000d6300000,0x00000000d6300000,0x00000000d8300000)
  from space 5120K, 89% used [0x00000000d8300000,0x00000000d877ab40,0x00000000d8800000)
  to   space 5120K, 0% used [0x00000000d8800000,0x00000000d8800000,0x00000000d8d00000)
 ParOldGen       total 86016K, used 3090K [0x0000000082800000, 0x0000000087c00000, 0x00000000d6300000)
  object space 86016K, 3% used [0x0000000082800000,0x0000000082b049f8,0x0000000087c00000)
 Metaspace       used 15298K, capacity 15500K, committed 15744K, reserved 1062912K
  class space    used 1750K, capacity 1839K, committed 1920K, reserved 1048576K
}

