# JRE version: Java(TM) SE Runtime Environment (8.0_131-b11) (build 1.8.0_131-b11)
# Java VM: Java HotSpot(TM) 64-Bit Server VM (25.131-b11 mixed mode windows-amd64 compressed oops)
Heap:
 PSYoungGen      total 41984K, used 26177K [0x00000000d6300000, 0x00000000d9700000, 0x0000000100000000)
  eden space 31744K, 61% used [0x00000000d6300000,0x00000000d75f8f70,0x00000000d8200000)
  from space 10240K, 65% used [0x00000000d8d00000,0x00000000d93975d8,0x00000000d9700000)
  to   space 10752K, 0% used [0x00000000d8200000,0x00000000d8200000,0x00000000d8c80000)
 ParOldGen       total 86016K, used 6149K [0x0000000082800000, 0x0000000087c00000, 0x00000000d6300000)
  object space 86016K, 7% used [0x0000000082800000,0x0000000082e01690,0x0000000087c00000)
 Metaspace       used 17562K, capacity 17762K, committed 18048K, reserved 1064960K
  class space    used 2032K, capacity 2096K, committed 2176K, reserved 1048576K
GC Heap History (10 events):
Event: 21.191 GC heap before
{Heap before GC invocations=2 (full 0):
 PSYoungGen      total 37888K, used 37857K [0x00000000d6300000, 0x00000000d8d00000, 0x0000000100000000)
  eden space 32768K, 100% used [0x00000000d6300000,0x00000000d8300000,0x00000000d8300000)
  from space 5120K, 99% used [0x00000000d8300000,0x00000000d87f8540,0x00000000d8800000)
  to   space 5120K, 0% used [0x00000000d8800000,0x00000000d8800000,0x00000000d8d00000)
 ParOldGen       total 86016K, used 4449K [0x0000000082800000, 0x0000000087c00000, 0x00000000d6300000)
  object space 86016K, 5% used [0x0000000082800000,0x0000000082c584e8,0x0000000087c00000)
 Metaspace       used 17387K, capacity 17634K, committed 17792K, reserved 1064960K
  class space    used 2031K, capacity 2096K, committed 2176K, reserved 1048576K
Event: 21.195 GC heap after
Heap after GC invocations=2 (full 0):
 PSYoungGen      total 37888K, used 5089K [0x00000000d6300000, 0x00000000d8d00000, 0x0000000100000000)
  eden space 32768K, 0% used [0x00000000d6300000,0x00000000d6300000,0x00000000d8300000)
  from space 5120K, 99% used [0x00000000d8800000,0x00000000d8cf8560,0x00000000d8d00000)
  to   space 5120K, 0% used [0x00000000d8300000,0x00000000d8300000,0x00000000d8800000)
 ParOldGen       total 86016K, used 6117K [0x0000000082800000, 0x0000000087c00000, 0x00000000d6300000)
  object space 86016K, 7% used [0x0000000082800000,0x0000000082df9690,0x0000000087c00000)
 Metaspace       used 17387K, capacity 17634K, committed 17792K, reserved 1064960K
  class space    used 2031K, capacity 2096K, committed 2176K, reserved 1048576K
}
Event: 23.456 GC heap before
{Heap before GC invocations=3 (full 0):
 PSYoungGen      total 37888K, used 37857K [0x00000000d6300000, 0x00000000d8d00000, 0x0000000100000000)
  eden space 32768K, 100% used [0x00000000d6300000,0x00000000d8300000,0x00000000d8300000)
  from space 5120K, 99% used [0x00000000d8800000,0x00000000d8cf8560,0x00000000d8d00000)
  to   space 5120K, 0% used [0x00000000d8300000,0x00000000d8300000,0x00000000d8800000)
 ParOldGen       total 86016K, used 6117K [0x0000000082800000, 0x0000000087c00000, 0x00000000d6300000)
  object space 86016K, 7% used [0x0000000082800000,0x0000000082df9690,0x0000000087c00000)
 Metaspace       used 17462K, capacity 17698K, committed 18048K, reserved 1064960K
  class space    used 2031K, capacity 2096K, committed 2176K, reserved 1048576K
Event: 23.459 GC heap after
Heap after GC invocations=3 (full 0):
 PSYoungGen      total 37888K, used 4487K [0x00000000d6300000, 0x00000000d8d00000, 0x0000000100000000)
  eden space 32768K, 0% used [0x00000000d6300000,0x00000000d6300000,0x00000000d8300000)
  from space 5120K, 87% used [0x00000000d8300000,0x00000000d8761cf8,0x00000000d8800000)
  to   space 5120K, 0% used [0x00000000d8800000,0x00000000d8800000,0x00000000d8d00000)
 ParOldGen       total 86016K, used 6125K [0x0000000082800000, 0x0000000087c00000, 0x00000000d6300000)
  object space 86016K, 7% used [0x0000000082800000,0x0000000082dfb690,0x0000000087c00000)
 Metaspace       used 17462K, capacity 17698K, committed 18048K, reserved 1064960K
  class space    used 2031K, capacity 2096K, committed 2176K, reserved 1048576K
}
Event: 25.834 GC heap before
{Heap before GC invocations=4 (full 0):
 PSYoungGen      total 37888K, used 37255K [0x00000000d6300000, 0x00000000d8d00000, 0x0000000100000000)
  eden space 32768K, 100% used [0x00000000d6300000,0x00000000d8300000,0x00000000d8300000)
  from space 5120K, 87% used [0x00000000d8300000,0x00000000d8761cf8,0x00000000d8800000)
  to   space 5120K, 0% used [0x00000000d8800000,0x00000000d8800000,0x00000000d8d00000)
 ParOldGen       total 86016K, used 6125K [0x0000000082800000, 0x0000000087c00000, 0x00000000d6300000)
  object space 86016K, 7% used [0x0000000082800000,0x0000000082dfb690,0x0000000087c00000)
 Metaspace       used 17489K, capacity 17698K, committed 18048K, reserved 1064960K
  class space    used 2031K, capacity 2096K, committed 2176K, reserved 1048576K
Event: 25.837 GC heap after
Heap after GC invocations=4 (full 0):
 PSYoungGen      total 37888K, used 4190K [0x00000000d6300000, 0x00000000d8d00000, 0x0000000100000000)
  eden space 32768K, 0% used [0x00000000d6300000,0x00000000d6300000,0x00000000d8300000)
  from space 5120K, 81% used [0x00000000d8800000,0x00000000d8c178e8,0x00000000d8d00000)
  to   space 5120K, 0% used [0x00000000d8300000,0x00000000d8300000,0x00000000d8800000)
 ParOldGen       total 86016K, used 6133K [0x0000000082800000, 0x0000000087c00000, 0x00000000d6300000)
  object space 86016K, 7% used [0x0000000082800000,0x0000000082dfd690,0x0000000087c00000)
 Metaspace       used 17489K, capacity 17698K, committed 18048K, reserved 1064960K
  class space    used 2031K, capacity 2096K, committed 2176K, reserved 1048576K
}
Event: 28.249 GC heap before
{Heap before GC invocations=5 (full 0):
 PSYoungGen      total 37888K, used 36958K [0x00000000d6300000, 0x00000000d8d00000, 0x0000000100000000)
  eden space 32768K, 100% used [0x00000000d6300000,0x00000000d8300000,0x00000000d8300000)
  from space 5120K, 81% used [0x00000000d8800000,0x00000000d8c178e8,0x00000000d8d00000)
  to   space 5120K, 0% used [0x00000000d8300000,0x00000000d8300000,0x00000000d8800000)
 ParOldGen       total 86016K, used 6133K [0x0000000082800000, 0x0000000087c00000, 0x00000000d6300000)
  object space 86016K, 7% used [0x0000000082800000,0x0000000082dfd690,0x0000000087c00000)
 Metaspace       used 17540K, capacity 17762K, committed 18048K, reserved 1064960K
  class space    used 2031K, capacity 2096K, committed 2176K, reserved 1048576K
Event: 28.252 GC heap after
Heap after GC invocations=5 (full 0):
 PSYoungGen      total 37376K, used 3861K [0x00000000d6300000, 0x00000000d9780000, 0x0000000100000000)
  eden space 32256K, 0% used [0x00000000d6300000,0x00000000d6300000,0x00000000d8280000)
  from space 5120K, 75% used [0x00000000d8300000,0x00000000d86c54d8,0x00000000d8800000)
  to   space 10752K, 0% used [0x00000000d8d00000,0x00000000d8d00000,0x00000000d9780000)
 ParOldGen       total 86016K, used 6141K [0x0000000082800000, 0x0000000087c00000, 0x00000000d6300000)
  object space 86016K, 7% used [0x0000000082800000,0x0000000082dff690,0x0000000087c00000)
 Metaspace       used 17540K, capacity 17762K, committed 18048K, reserved 1064960K
  class space    used 2031K, capacity 2096K, committed 2176K, reserved 1048576K
}
Event: 30.696 GC heap before
{Heap before GC invocations=6 (full 0):
 PSYoungGen      total 37376K, used 36064K [0x00000000d6300000, 0x00000000d9780000, 0x0000000100000000)
  eden space 32256K, 99% used [0x00000000d6300000,0x00000000d8272c30,0x00000000d8280000)
  from space 5120K, 75% used [0x00000000d8300000,0x00000000d86c54d8,0x00000000d8800000)
  to   space 10752K, 0% used [0x00000000d8d00000,0x00000000d8d00000,0x00000000d9780000)
 ParOldGen       total 86016K, used 6141K [0x0000000082800000, 0x0000000087c00000, 0x00000000d6300000)
  object space 86016K, 7% used [0x0000000082800000,0x0000000082dff690,0x0000000087c00000)
 Metaspace       used 17550K, capacity 17762K, committed 18048K, reserved 1064960K
  class space    used 2031K, capacity 2096K, committed 2176K, reserved 1048576K
Event: 30.700 GC heap after
Heap after GC invocations=6 (full 0):
 PSYoungGen      total 41984K, used 6749K [0x00000000d6300000, 0x00000000d9700000, 0x0000000100000000)
  eden space 31744K, 0% used [0x00000000d6300000,0x00000000d6300000,0x00000000d8200000)
  from space 10240K, 65% used [0x00000000d8d00000,0x00000000d93975d8,0x00000000d9700000)
  to   space 10752K, 0% used [0x00000000d8200000,0x00000000d8200000,0x00000000d8c80000)
 ParOldGen       total 86016K, used 6149K [0x0000000082800000, 0x0000000087c00000, 0x00000000d6300000)
  object space 86016K, 7% used [0x0000000082800000,0x0000000082e01690,0x0000000087c00000)
 Metaspace       used 17550K, capacity 17762K, committed 18048K, reserved 1064960K
  class space    used 2031K, capacity 2096K, committed 2176K, reserved 1048576K
}

